<?xml version="1.0" encoding="UTF-8"?>
<testng-results ignored="0" total="1" passed="1" failed="0" skipped="0">
  <reporter-output>
  </reporter-output>
  <suite started-at="2023-02-19T20:27:46 IST" name="Surefire suite" finished-at="2023-02-19T20:27:58 IST" duration-ms="11976">
    <groups>
    </groups>
    <test started-at="2023-02-19T20:27:46 IST" name="Surefire test" finished-at="2023-02-19T20:27:58 IST" duration-ms="11976">
      <class name="com.automationTest.tests.LoginTest">
        <test-method is-config="true" signature="setup()[pri:0, instance:com.automationTest.tests.LoginTest@7fc2413d]" started-at="2023-02-19T20:27:46 IST" name="setup" finished-at="2023-02-19T20:27:55 IST" duration-ms="9233" status="PASS">
          <reporter-output>
          </reporter-output>
        </test-method> <!-- setup -->
        <test-method signature="login()[pri:0, instance:com.automationTest.tests.LoginTest@7fc2413d]" started-at="2023-02-19T20:27:55 IST" name="login" finished-at="2023-02-19T20:27:58 IST" duration-ms="2273" status="PASS">
          <reporter-output>
          </reporter-output>
        </test-method> <!-- login -->
        <test-method is-config="true" signature="tearDown()[pri:0, instance:com.automationTest.tests.LoginTest@7fc2413d]" started-at="2023-02-19T20:27:58 IST" name="tearDown" finished-at="2023-02-19T20:27:58 IST" duration-ms="372" status="PASS">
          <reporter-output>
          </reporter-output>
        </test-method> <!-- tearDown -->
      </class> <!-- com.automationTest.tests.LoginTest -->
    </test> <!-- Surefire test -->
  </suite> <!-- Surefire suite -->
</testng-results>
